2025-02-28 21:37:00,000 INFO: Starting scheduled data import process... [in /home/aw/Developer/Forks/deutsche-bahn-data/server.py:47]
2025-02-28 21:37:00,001 INFO: Fetching new data... [in /home/aw/Developer/Forks/deutsche-bahn-data/server.py:51]
2025-02-28 21:37:02,397 INFO: Data fetch completed successfully [in /home/aw/Developer/Forks/deutsche-bahn-data/server.py:59]
2025-02-28 21:37:02,397 INFO: Importing data to database... [in /home/aw/Developer/Forks/deutsche-bahn-data/server.py:62]
2025-02-28 21:37:05,597 INFO: Data import completed successfully [in /home/aw/Developer/Forks/deutsche-bahn-data/server.py:69]
2025-02-28 21:39:00,000 INFO: Starting scheduled data import process... [in /home/aw/Developer/Forks/deutsche-bahn-data/server.py:47]
2025-02-28 21:39:00,001 INFO: Fetching new data... [in /home/aw/Developer/Forks/deutsche-bahn-data/server.py:51]
2025-02-28 21:39:02,095 ERROR: Error during data fetch process: /usr/bin/AppImageLauncher: /lib64/libcurl.so.4: no version information available (required by /usr/bin/../lib/x86_64-linux-gnu/appimagelauncher/libappimageupdate.so)
Failed to connect to user scope bus via local transport: No medium found
Failed to connect to user scope bus via local transport: No medium found
[474201:0228/213901.195974:ERROR:ozone_platform_x11.cc(245)] Missing X server or $DISPLAY
[474201:0228/213901.196013:ERROR:env.cc(258)] The platform failed to initialize.  Exiting.
 [in /home/aw/Developer/Forks/deutsche-bahn-data/server.py:61]
2025-02-28 21:39:02,095 INFO: Data fetch completed successfully [in /home/aw/Developer/Forks/deutsche-bahn-data/server.py:63]
2025-02-28 21:39:02,095 INFO: Importing data to database... [in /home/aw/Developer/Forks/deutsche-bahn-data/server.py:66]
2025-02-28 21:39:05,429 INFO: Data import completed successfully [in /home/aw/Developer/Forks/deutsche-bahn-data/server.py:73]
2025-02-28 21:45:00,000 INFO: Starting scheduled data fetch process... [in /home/aw/Developer/Forks/deutsche-bahn-data/server.py:48]
2025-02-28 21:45:00,001 INFO: Fetching new data... [in /home/aw/Developer/Forks/deutsche-bahn-data/server.py:51]
2025-02-28 21:56:00,000 INFO: Starting scheduled data fetch process... [in /home/aw/Developer/Forks/deutsche-bahn-data/server.py:48]
2025-02-28 21:56:00,001 INFO: Fetching new data... [in /home/aw/Developer/Forks/deutsche-bahn-data/server.py:51]
2025-02-28 21:59:00,001 INFO: Starting scheduled data fetch process... [in /home/aw/Developer/Forks/deutsche-bahn-data/server.py:48]
2025-02-28 21:59:00,001 INFO: Fetching new data... [in /home/aw/Developer/Forks/deutsche-bahn-data/server.py:51]
